<?xml version="1.0" encoding="UTF-8"?>
<!-- Generated by org.testng.reporters.JUnitReportReporter -->
<testsuite hostname="LAPTOP-OOUS1A74" failures="0" tests="1" name="com.cognizant.actualTestNGPractise.AfterSuitePractice" time="1.894" errors="0" timestamp="2025-06-17T09:27:26 IST" skipped="0">
  <testcase classname="com.cognizant.actualTestNGPractise.AfterSuitePractice" name="suiteAnnotationPractice" time="1.894"/>
</testsuite> <!-- com.cognizant.actualTestNGPractise.AfterSuitePractice -->
