<?xml version="1.0" encoding="UTF-8"?>
<!-- Generated by org.testng.reporters.JUnitReportReporter -->
<testsuite hostname="LAPTOP-OOUS1A74" failures="0" tests="4" name="com.cognizant.actualTestNGPractise.DataProviderPrctice" time="45.993" errors="0" timestamp="2025-06-26T15:25:50 IST" skipped="0">
  <testcase classname="com.cognizant.actualTestNGPractise.DataProviderPrctice" name="loginIntoApllication" time="10.654"/>
  <testcase classname="com.cognizant.actualTestNGPractise.DataProviderPrctice" name="loginIntoApllication" time="15.019"/>
  <testcase classname="com.cognizant.actualTestNGPractise.DataProviderPrctice" name="loginIntoApllication" time="10.828"/>
  <testcase classname="com.cognizant.actualTestNGPractise.DataProviderPrctice" name="loginIntoApllication" time="9.492"/>
</testsuite> <!-- com.cognizant.actualTestNGPractise.DataProviderPrctice -->
