<?xml version="1.0" encoding="UTF-8"?>
<!-- Generated by org.testng.reporters.JUnitReportReporter -->
<testsuite hostname="LAPTOP-OOUS1A74" failures="0" tests="3" name="com.cognizant.paralleltesting.ClassA" time="0.017" errors="0" timestamp="2025-06-18T01:20:59 IST" skipped="0">
  <testcase classname="com.cognizant.paralleltesting.ClassA" name="test3" time="0.002"/>
  <testcase classname="com.cognizant.paralleltesting.ClassA" name="test1" time="0.012"/>
  <testcase classname="com.cognizant.paralleltesting.ClassA" name="test2" time="0.003"/>
</testsuite> <!-- com.cognizant.paralleltesting.ClassA -->
