<?xml version="1.0" encoding="UTF-8"?>
<!-- Generated by org.testng.reporters.JUnitReportReporter -->
<testsuite hostname="LAPTOP-OOUS1A74" failures="0" tests="2" name="practicetestng.Demo" time="0.018" errors="0" timestamp="2025-06-26T15:25:50 IST" skipped="0">
  <testcase classname="practicetestng.Demo" name="testAddToCart" time="0.014"/>
  <testcase classname="practicetestng.Demo" name="testRemoveProductFromCart" time="0.004"/>
</testsuite> <!-- practicetestng.Demo -->
