<?xml version="1.0" encoding="UTF-8"?>
<!-- Generated by org.testng.reporters.JUnitReportReporter -->
<testsuite hostname="LAPTOP-OOUS1A74" failures="0" tests="1" name="com.cognizant.actualTestNGPractise.AfterSuitePractice" time="0.005" errors="0" timestamp="2025-06-26T15:25:50 IST" skipped="0">
  <testcase classname="com.cognizant.actualTestNGPractise.AfterSuitePractice" name="suiteAnnotationPractice" time="0.005"/>
</testsuite> <!-- com.cognizant.actualTestNGPractise.AfterSuitePractice -->
