<?xml version="1.0" encoding="UTF-8"?>
<!-- Generated by org.testng.reporters.JUnitReportReporter -->
<testsuite hostname="LAPTOP-OOUS1A74" failures="0" tests="1" name="com.cognizant.xmlpractice.ClassA" time="0.006" errors="0" timestamp="2025-06-18T12:08:11 IST" skipped="0">
  <testcase classname="com.cognizant.xmlpractice.ClassA" name="test2" time="0.006"/>
</testsuite> <!-- com.cognizant.xmlpractice.ClassA -->
