<?xml version="1.0" encoding="UTF-8"?>
<!-- Generated by org.testng.reporters.JUnitReportReporter -->
<testsuite hostname="LAPTOP-OOUS1A74" failures="0" tests="2" name="com.cognizant.xmlpractice.ClassC" time="0.003" errors="0" timestamp="2025-06-18T12:02:26 IST" skipped="0">
  <testcase classname="com.cognizant.xmlpractice.ClassC" name="test8" time="0.002"/>
  <testcase classname="com.cognizant.xmlpractice.ClassC" name="test7" time="0.001"/>
</testsuite> <!-- com.cognizant.xmlpractice.ClassC -->
