<?xml version="1.0" encoding="UTF-8"?>
<!-- Generated by org.testng.reporters.JUnitReportReporter -->
<testsuite hostname="LAPTOP-OOUS1A74" failures="0" tests="1" name="com.cognizant.xmlpractice.ClassB" time="0.003" errors="0" timestamp="2025-06-18T12:08:11 IST" skipped="0">
  <testcase classname="com.cognizant.xmlpractice.ClassB" name="test6" time="0.003"/>
</testsuite> <!-- com.cognizant.xmlpractice.ClassB -->
