<?xml version="1.0" encoding="UTF-8"?>
<!-- Generated by org.testng.reporters.JUnitReportReporter -->
<testsuite hostname="LAPTOP-OOUS1A74" failures="0" tests="2" name="com.cognizant.paralleltesting.ClassC" time="0.023" errors="0" timestamp="2025-06-18T01:24:50 IST" skipped="0">
  <testcase classname="com.cognizant.paralleltesting.ClassC" name="test2" time="0.002"/>
  <testcase classname="com.cognizant.paralleltesting.ClassC" name="test1" time="0.021"/>
</testsuite> <!-- com.cognizant.paralleltesting.ClassC -->
