<?xml version="1.0" encoding="UTF-8"?>
<!-- Generated by org.testng.reporters.JUnitReportReporter -->
<testsuite hostname="LAPTOP-OOUS1A74" failures="0" tests="2" name="com.cognizant.actualTestNGPractise.TestAddToCart" time="5.852" errors="0" timestamp="2025-06-18T11:49:11 IST" skipped="0">
  <testcase classname="com.cognizant.actualTestNGPractise.TestAddToCart" name="testAddToCart" time="1.713"/>
  <testcase classname="com.cognizant.actualTestNGPractise.TestAddToCart" name="testAddToCart" time="4.139"/>
</testsuite> <!-- com.cognizant.actualTestNGPractise.TestAddToCart -->
