<?xml version="1.0" encoding="UTF-8"?>
<!-- Generated by org.testng.reporters.JUnitReportReporter -->
<testsuite hostname="LAPTOP-OOUS1A74" failures="0" tests="3" name="com.cognizant.actualTestNGPractise.InvocationCountPractice" time="0.002" errors="0" timestamp="2025-06-26T15:25:50 IST" skipped="0">
  <testcase classname="com.cognizant.actualTestNGPractise.InvocationCountPractice" name="testA" time="0.000"/>
  <testcase classname="com.cognizant.actualTestNGPractise.InvocationCountPractice" name="testA" time="0.002"/>
  <testcase classname="com.cognizant.actualTestNGPractise.InvocationCountPractice" name="testA" time="0.000"/>
</testsuite> <!-- com.cognizant.actualTestNGPractise.InvocationCountPractice -->
