<?xml version="1.0" encoding="UTF-8"?>
<!-- Generated by org.testng.reporters.JUnitReportReporter -->
<testsuite hostname="LAPTOP-OOUS1A74" failures="0" tests="2" name="com.cognizant.actualTestNGPractise.TestLogin" time="6.624" errors="0" timestamp="2025-06-16T21:45:47 IST" skipped="0">
  <testcase classname="com.cognizant.actualTestNGPractise.TestLogin" name="loginWithValidCredential" time="3.331"/>
  <testcase classname="com.cognizant.actualTestNGPractise.TestLogin" name="loginWithValidCredential" time="3.293"/>
</testsuite> <!-- com.cognizant.actualTestNGPractise.TestLogin -->
