<?xml version="1.0" encoding="UTF-8"?>
<!-- Generated by org.testng.reporters.JUnitReportReporter -->
<testsuite hostname="LAPTOP-OOUS1A74" failures="0" tests="3" name="com.cognizant.xmlpractice.ClassB" time="0.001" errors="0" timestamp="2025-06-26T15:25:50 IST" skipped="0">
  <testcase classname="com.cognizant.xmlpractice.ClassB" name="test5" time="0.001"/>
  <testcase classname="com.cognizant.xmlpractice.ClassB" name="test6" time="0.000"/>
  <testcase classname="com.cognizant.xmlpractice.ClassB" name="test4" time="0.000"/>
</testsuite> <!-- com.cognizant.xmlpractice.ClassB -->
