<?xml version="1.0" encoding="UTF-8"?>
<!-- Generated by org.testng.reporters.JUnitReportReporter -->
<testsuite hostname="LAPTOP-OOUS1A74" failures="0" tests="4" name="com.cognizant.actualTestNGPractise.DataProviderPrctice" time="50.529" errors="0" timestamp="2025-06-17T10:37:22 IST" skipped="0">
  <testcase classname="com.cognizant.actualTestNGPractise.DataProviderPrctice" name="loginIntoApllication" time="10.573"/>
  <testcase classname="com.cognizant.actualTestNGPractise.DataProviderPrctice" name="loginIntoApllication" time="17.432"/>
  <testcase classname="com.cognizant.actualTestNGPractise.DataProviderPrctice" name="loginIntoApllication" time="11.820"/>
  <testcase classname="com.cognizant.actualTestNGPractise.DataProviderPrctice" name="loginIntoApllication" time="10.704"/>
</testsuite> <!-- com.cognizant.actualTestNGPractise.DataProviderPrctice -->
