<?xml version="1.0" encoding="UTF-8"?>
<!-- Generated by org.testng.reporters.JUnitReportReporter -->
<testsuite hostname="LAPTOP-OOUS1A74" failures="0" tests="3" name="com.cognizant.paralleltesting.ClassB" time="0.013" errors="0" timestamp="2025-06-18T01:20:59 IST" skipped="0">
  <testcase classname="com.cognizant.paralleltesting.ClassB" name="test5" time="0.001"/>
  <testcase classname="com.cognizant.paralleltesting.ClassB" name="test4" time="0.011"/>
  <testcase classname="com.cognizant.paralleltesting.ClassB" name="test6" time="0.001"/>
</testsuite> <!-- com.cognizant.paralleltesting.ClassB -->
