<?xml version="1.0" encoding="UTF-8"?>
<!-- Generated by org.testng.reporters.JUnitReportReporter -->
<testsuite hostname="LAPTOP-OOUS1A74" failures="0" tests="3" name="com.cognizant.actualTestNGPractise.PriorityPracitce" time="0.011" errors="0" timestamp="2025-06-17T09:33:03 IST" skipped="0">
  <testcase classname="com.cognizant.actualTestNGPractise.PriorityPracitce" name="testC" time="0.009"/>
  <testcase classname="com.cognizant.actualTestNGPractise.PriorityPracitce" name="testB" time="0.001"/>
  <testcase classname="com.cognizant.actualTestNGPractise.PriorityPracitce" name="testA" time="0.001"/>
</testsuite> <!-- com.cognizant.actualTestNGPractise.PriorityPracitce -->
