<?xml version="1.0" encoding="UTF-8"?>
<!-- Generated by org.testng.reporters.JUnitReportReporter -->
<testsuite hostname="LAPTOP-OOUS1A74" failures="0" tests="1" name="com.cognizant.actualTestNGPractise.TestLogin" time="4.543" errors="0" timestamp="2025-06-26T15:33:14 IST" skipped="0">
  <testcase classname="com.cognizant.actualTestNGPractise.TestLogin" name="loginWithValidCredential" time="4.543"/>
</testsuite> <!-- com.cognizant.actualTestNGPractise.TestLogin -->
