<?xml version="1.0" encoding="UTF-8"?>
<!-- Generated by org.testng.reporters.JUnitReportReporter -->
<testsuite hostname="LAPTOP-OOUS1A74" failures="0" tests="1" name="com.cognizant.actualTestNGPractise.TestAddToCart" time="3.977" errors="0" timestamp="2025-06-26T15:33:14 IST" skipped="0">
  <testcase classname="com.cognizant.actualTestNGPractise.TestAddToCart" name="testAddToCart" time="3.977"/>
</testsuite> <!-- com.cognizant.actualTestNGPractise.TestAddToCart -->
